c:\users\satoru\desktop\cs450\project3\debug\vc142.pdb
c:\users\satoru\desktop\cs450\project3\debug\vc142.idb
c:\users\satoru\desktop\cs450\project3\debug\sample.obj
c:\users\satoru\desktop\cs450\project4\debug\vc142.pdb
c:\users\satoru\desktop\cs450\project4\debug\vc142.idb
c:\users\satoru\desktop\cs450\project4\debug\sample.obj
c:\users\satoru\desktop\cs450\project3\debug\sample.exe
c:\users\satoru\desktop\cs450\project3\debug\sample.pdb
c:\users\satoru\desktop\cs450\project4\debug\sample.exe
c:\users\satoru\desktop\cs450\project4\debug\sample.pdb
c:\users\satoru\desktop\cs450\project5\debug\sample.exe
c:\users\satoru\desktop\cs450\project5\debug\sample.pdb
c:\users\satoru\desktop\cs450\project5\debug\vc142.idb
c:\users\satoru\desktop\cs450\project5\debug\vc142.pdb
c:\users\satoru\desktop\cs450\project5\debug\sample.tlog\cl.command.1.tlog
c:\users\satoru\desktop\cs450\project5\debug\sample.tlog\cl.read.1.tlog
c:\users\satoru\desktop\cs450\project5\debug\sample.tlog\cl.write.1.tlog
c:\users\satoru\desktop\cs450\project5\debug\sample.tlog\link.command.1.tlog
c:\users\satoru\desktop\cs450\project5\debug\sample.tlog\link.read.1.tlog
c:\users\satoru\desktop\cs450\project5\debug\sample.tlog\link.write.1.tlog
